time: 2023-10-13 21:38:17.932920 -----> 添加定时任务失败！
invalid literal for int() with base 10: ':3'
time: 2023-10-13 21:38:17.933917 -----> 添加定时任务失败！
invalid literal for int() with base 10: ':0'
time: 2023-10-13 21:38:20.344862 -----> 添加定时任务失败！
invalid literal for int() with base 10: ':3'
time: 2023-10-13 21:38:20.344862 -----> 添加定时任务失败！
invalid literal for int() with base 10: ':0'
time: 2023-10-13 21:51:15.799106 -----> 添加定时任务失败！
'user'
time: 2023-10-13 21:51:15.799106 -----> 添加定时任务失败！
'user'
time: 2023-10-13 21:51:15.799106 -----> 添加定时任务失败！
'user'
time: 2023-10-13 21:51:15.799106 -----> 添加定时任务失败！
'user'
time: 2023-10-13 21:51:18.283900 -----> 添加定时任务失败！
'user'
time: 2023-10-13 21:51:18.283900 -----> 添加定时任务失败！
'user'
time: 2023-10-13 21:51:18.283900 -----> 添加定时任务失败！
'user'
time: 2023-10-13 21:51:18.283900 -----> 添加定时任务失败！
'user'
time: 2023-10-13 21:55:49.962359 -----> 添加定时任务失败！
'user'
time: 2023-10-13 21:55:49.962359 -----> 添加定时任务失败！
'user'
time: 2023-10-13 21:55:49.962359 -----> 添加定时任务失败！
'user'
time: 2023-10-13 21:55:49.962359 -----> 添加定时任务失败！
'user'
time: 2023-10-13 21:57:39.729659 -----> 添加定时任务失败！
'user'
time: 2023-10-13 21:57:39.729659 -----> 添加定时任务失败！
'user'
time: 2023-10-13 21:57:39.729659 -----> 添加定时任务失败！
'user'
time: 2023-10-13 21:57:39.729659 -----> 添加定时任务失败！
'user'
time: 2023-10-13 21:57:42.104951 -----> 添加定时任务失败！
'user'
time: 2023-10-13 21:57:42.104951 -----> 添加定时任务失败！
'user'
time: 2023-10-13 21:57:42.104951 -----> 添加定时任务失败！
'user'
time: 2023-10-13 21:57:42.104951 -----> 添加定时任务失败！
'user'
time: 2023-10-13 21:59:28.813353 -----> 添加定时任务失败！
'user'
time: 2023-10-13 21:59:28.813353 -----> 添加定时任务失败！
'user'
time: 2023-10-13 21:59:28.813353 -----> 添加定时任务失败！
'user'
time: 2023-10-13 21:59:28.813353 -----> 添加定时任务失败！
'user'
time: 2023-10-13 21:59:31.235630 -----> 添加定时任务失败！
'user'
time: 2023-10-13 21:59:31.235630 -----> 添加定时任务失败！
'user'
time: 2023-10-13 21:59:31.235630 -----> 添加定时任务失败！
'user'
time: 2023-10-13 21:59:31.235630 -----> 添加定时任务失败！
'user'
time: 2023-10-13 22:18:13.641112 -----> 添加定时任务失败！
'user'
time: 2023-10-13 22:18:13.642114 -----> 添加定时任务失败！
'user'
time: 2023-10-13 22:18:13.643106 -----> 添加定时任务失败！
'user'
time: 2023-10-13 22:18:19.017375 -----> 添加定时任务失败！
'user'
time: 2023-10-13 22:18:19.018372 -----> 添加定时任务失败！
'user'
time: 2023-10-13 22:18:19.019374 -----> 添加定时任务失败！
'user'
time: 2023-10-13 22:18:43.590715 -----> 添加定时任务失败！
'user'
time: 2023-10-13 22:18:43.591711 -----> 添加定时任务失败！
'user'
time: 2023-10-13 22:18:43.592709 -----> 添加定时任务失败！
'user'
time: 2023-10-13 22:18:48.598550 -----> 添加定时任务失败！
'user'
time: 2023-10-13 22:18:48.599577 -----> 添加定时任务失败！
'user'
time: 2023-10-13 22:18:48.600543 -----> 添加定时任务失败！
'user'
time: 2023-10-13 22:30:44.608046 -----> 已移除：['8597748', '信息S2351班“预防传染病“主题班会', '腾讯会议', '活动已结束，请去瞧瞧其他活动', 1, 0, 'null']
time: 2023-10-13 22:30:44.608046 -----> 已移除：['8615658', '读者协会第86期周末书影主题分享', '图书馆4楼报告厅', '活动已结束，请去瞧瞧其他活动', 0, 1, '2023.10.1213:00-2023.10.1217:59']
time: 2023-10-13 22:30:44.608046 -----> 添加定时任务失败！
'user'
time: 2023-10-13 22:30:44.608046 -----> 添加定时任务失败！
'user'
time: 2023-10-13 22:30:44.608046 -----> 添加定时任务失败！
'user'
time: 2023-10-13 22:30:49.014869 -----> 已移除：['8597748', '信息S2351班“预防传染病“主题班会', '腾讯会议', '活动已结束，请去瞧瞧其他活动', 1, 0, 'null']
time: 2023-10-13 22:30:49.030445 -----> 添加定时任务失败！
'user'
time: 2023-10-13 22:30:49.030445 -----> 添加定时任务失败！
'user'
time: 2023-10-13 22:30:49.030445 -----> 添加定时任务失败！
'user'
time: 2023-10-13 22:32:14.491558 -----> 添加定时任务失败！
'user'
time: 2023-10-13 22:32:14.491558 -----> 添加定时任务失败！
'user'
time: 2023-10-13 22:32:14.491558 -----> 添加定时任务失败！
'user'
time: 2023-10-13 22:32:19.023512 -----> 已移除：['8615658', '读者协会第86期周末书影主题分享', '图书馆4楼报告厅', '活动已结束，请去瞧瞧其他活动', 0, 1, '2023.10.1213:00-2023.10.1217:59']
time: 2023-10-13 22:32:19.023512 -----> 添加定时任务失败！
'user'
time: 2023-10-13 22:32:19.023512 -----> 添加定时任务失败！
'user'
time: 2023-10-13 22:32:19.023512 -----> 添加定时任务失败！
'user'
